EsptouchForAndroid/build/outputs/logs/manifest-merger-debug-report.txt
-- Merging decision tree log ---
manifest
ADDED from WifiConfig\EsptouchForAndroid\AndroidManifest.xml:2:1-34:12
	package
		ADDED from WifiConfig\EsptouchForAndroid\AndroidManifest.xml:3:5-46
	android:versionName
		ADDED from WifiConfig\EsptouchForAndroid\AndroidManifest.xml:5:5-35
		INJECTED from WifiConfig\EsptouchForAndroid\AndroidManifest.xml
		INJECTED from WifiConfig\EsptouchForAndroid\AndroidManifest.xml
	android:versionCode
		ADDED from WifiConfig\EsptouchForAndroid\AndroidManifest.xml:4:5-29
		INJECTED from WifiConfig\EsptouchForAndroid\AndroidManifest.xml
		INJECTED from WifiConfig\EsptouchForAndroid\AndroidManifest.xml
	xmlns:android
		ADDED from WifiConfig\EsptouchForAndroid\AndroidManifest.xml:2:11-69
uses-sdk
ADDED from WifiConfig\EsptouchForAndroid\AndroidManifest.xml:7:5-9:41
	android:targetSdkVersion
		ADDED from WifiConfig\EsptouchForAndroid\AndroidManifest.xml:9:9-38
	android:minSdkVersion
		ADDED from WifiConfig\EsptouchForAndroid\AndroidManifest.xml:8:9-35
		INJECTED from WifiConfig\EsptouchForAndroid\AndroidManifest.xml
		INJECTED from WifiConfig\EsptouchForAndroid\AndroidManifest.xml
uses-permission#android.permission.INTERNET
ADDED from WifiConfig\EsptouchForAndroid\AndroidManifest.xml:11:5-67
	android:name
		ADDED from WifiConfig\EsptouchForAndroid\AndroidManifest.xml:11:22-64
uses-permission#android.permission.ACCESS_WIFI_STATE
ADDED from WifiConfig\EsptouchForAndroid\AndroidManifest.xml:12:5-76
	android:name
		ADDED from WifiConfig\EsptouchForAndroid\AndroidManifest.xml:12:22-73
uses-permission#android.permission.ACCESS_NETWORK_STATE
ADDED from WifiConfig\EsptouchForAndroid\AndroidManifest.xml:13:5-79
	android:name
		ADDED from WifiConfig\EsptouchForAndroid\AndroidManifest.xml:13:22-76
uses-permission#android.permission.CHANGE_WIFI_MULTICAST_STATE
ADDED from WifiConfig\EsptouchForAndroid\AndroidManifest.xml:14:5-86
	android:name
		ADDED from WifiConfig\EsptouchForAndroid\AndroidManifest.xml:14:22-83
uses-permission#android.permission.CHANGE_WIFI_STATE
ADDED from WifiConfig\EsptouchForAndroid\AndroidManifest.xml:15:5-76
	android:name
		ADDED from WifiConfig\EsptouchForAndroid\AndroidManifest.xml:15:22-73
application
ADDED from WifiConfig\EsptouchForAndroid\AndroidManifest.xml:17:5-32:19
	android:label
		ADDED from WifiConfig\EsptouchForAndroid\AndroidManifest.xml:20:9-41
	android:allowBackup
		ADDED from WifiConfig\EsptouchForAndroid\AndroidManifest.xml:18:9-35
	android:icon
		ADDED from WifiConfig\EsptouchForAndroid\AndroidManifest.xml:19:9-42
	android:theme
		ADDED from WifiConfig\EsptouchForAndroid\AndroidManifest.xml:21:9-40
activity#com.espressif.iot.esptouch.demo_activity.EsptouchDemoActivity
ADDED from WifiConfig\EsptouchForAndroid\AndroidManifest.xml:22:9-31:20
	android:screenOrientation
		ADDED from WifiConfig\EsptouchForAndroid\AndroidManifest.xml:24:13-49
	android:label
		ADDED from WifiConfig\EsptouchForAndroid\AndroidManifest.xml:25:13-45
	android:name
		ADDED from WifiConfig\EsptouchForAndroid\AndroidManifest.xml:23:13-89
intent-filter#android.intent.action.MAIN+android.intent.category.LAUNCHER
ADDED from WifiConfig\EsptouchForAndroid\AndroidManifest.xml:26:13-30:29
action#android.intent.action.MAIN
ADDED from WifiConfig\EsptouchForAndroid\AndroidManifest.xml:27:17-69
	android:name
		ADDED from WifiConfig\EsptouchForAndroid\AndroidManifest.xml:27:25-66
category#android.intent.category.LAUNCHER
ADDED from WifiConfig\EsptouchForAndroid\AndroidManifest.xml:29:17-77
	android:name
		ADDED from WifiConfig\EsptouchForAndroid\AndroidManifest.xml:29:27-74